This is pdfTeX, Version 3.14159265-2.6-1.40.18 (TeX Live 2017/Cygwin) (preloaded format=pdflatex 2017.8.23)  1 JUN 2018 09:57
entering extended mode
 \write18 enabled.
 %&-line parsing enabled.
**assign4
(/usr/share/texmf-dist/tex/latex/tools/x.tex
! Interruption.
<to be read again> 
                   \begingroup 
l.1 
    %%
? x
 
Here is how much of TeX's memory you used:
 7 strings out of 494936
 229 string characters out of 6181325
 45662 words of memory out of 5000000
 3408 multiletter control sequences out of 15000+600000
 3640 words of font info for 14 fonts, out of 8000000 for 9000
 14 hyphenation exceptions out of 8191
 3i,0n,1p,14b,6s stack positions out of 5000i,500n,10000p,200000b,80000s
No pages of output.
PDF statistics:
 0 PDF objects out of 1000 (max. 8388607)
 0 named destinations out of 1000 (max. 500000)
 1 words of extra memory for PDF output out of 10000 (max. 10000000)

